Start testing: Sep 22 11:37 EDT
----------------------------------------------------------
1/18 Testing: VelocityVector Constructors: from_cartesian_components
1/18 Test: VelocityVector Constructors: from_cartesian_components
Command: "/Users/swesikramineni/github/solarcar/solarcar-training-p2/build/src/SolarCar/Aerobody/aerobody_tests" "VelocityVector Constructors: from_cartesian_components"
Directory: /Users/swesikramineni/github/solarcar/solarcar-training-p2/build/src/SolarCar/Aerobody
"VelocityVector Constructors: from_cartesian_components" start time: Sep 22 11:37 EDT
Output:
----------------------------------------------------------
Filters: "VelocityVector Constructors: from_cartesian_components"
Randomness seeded to: 1159291780
===============================================================================
All tests passed (44 assertions in 1 test case)

<end of output>
Test time =   0.00 sec
----------------------------------------------------------
Test Passed.
"VelocityVector Constructors: from_cartesian_components" end time: Sep 22 11:37 EDT
"VelocityVector Constructors: from_cartesian_components" time elapsed: 00:00:00
----------------------------------------------------------

2/18 Testing: VelocityVector Constructors: from_polar_components
2/18 Test: VelocityVector Constructors: from_polar_components
Command: "/Users/swesikramineni/github/solarcar/solarcar-training-p2/build/src/SolarCar/Aerobody/aerobody_tests" "VelocityVector Constructors: from_polar_components"
Directory: /Users/swesikramineni/github/solarcar/solarcar-training-p2/build/src/SolarCar/Aerobody
"VelocityVector Constructors: from_polar_components" start time: Sep 22 11:37 EDT
Output:
----------------------------------------------------------
Filters: "VelocityVector Constructors: from_polar_components"
Randomness seeded to: 194928339
===============================================================================
All tests passed (44 assertions in 1 test case)

<end of output>
Test time =   0.00 sec
----------------------------------------------------------
Test Passed.
"VelocityVector Constructors: from_polar_components" end time: Sep 22 11:37 EDT
"VelocityVector Constructors: from_polar_components" time elapsed: 00:00:00
----------------------------------------------------------

3/18 Testing: VelocityVector Utilities: get_magnitude
3/18 Test: VelocityVector Utilities: get_magnitude
Command: "/Users/swesikramineni/github/solarcar/solarcar-training-p2/build/src/SolarCar/Aerobody/aerobody_tests" "VelocityVector Utilities: get_magnitude"
Directory: /Users/swesikramineni/github/solarcar/solarcar-training-p2/build/src/SolarCar/Aerobody
"VelocityVector Utilities: get_magnitude" start time: Sep 22 11:37 EDT
Output:
----------------------------------------------------------
Filters: "VelocityVector Utilities: get_magnitude"
Randomness seeded to: 3012702837
===============================================================================
All tests passed (55 assertions in 1 test case)

<end of output>
Test time =   0.00 sec
----------------------------------------------------------
Test Passed.
"VelocityVector Utilities: get_magnitude" end time: Sep 22 11:37 EDT
"VelocityVector Utilities: get_magnitude" time elapsed: 00:00:00
----------------------------------------------------------

4/18 Testing: VelocityVector Utilities: get_heading
4/18 Test: VelocityVector Utilities: get_heading
Command: "/Users/swesikramineni/github/solarcar/solarcar-training-p2/build/src/SolarCar/Aerobody/aerobody_tests" "VelocityVector Utilities: get_heading"
Directory: /Users/swesikramineni/github/solarcar/solarcar-training-p2/build/src/SolarCar/Aerobody
"VelocityVector Utilities: get_heading" start time: Sep 22 11:37 EDT
Output:
----------------------------------------------------------
Filters: "VelocityVector Utilities: get_heading"
Randomness seeded to: 3600796036
===============================================================================
All tests passed (50 assertions in 1 test case)

<end of output>
Test time =   0.00 sec
----------------------------------------------------------
Test Passed.
"VelocityVector Utilities: get_heading" end time: Sep 22 11:37 EDT
"VelocityVector Utilities: get_heading" time elapsed: 00:00:00
----------------------------------------------------------

5/18 Testing: VelocityVector Utilities: angle_between
5/18 Test: VelocityVector Utilities: angle_between
Command: "/Users/swesikramineni/github/solarcar/solarcar-training-p2/build/src/SolarCar/Aerobody/aerobody_tests" "VelocityVector Utilities: angle_between"
Directory: /Users/swesikramineni/github/solarcar/solarcar-training-p2/build/src/SolarCar/Aerobody
"VelocityVector Utilities: angle_between" start time: Sep 22 11:37 EDT
Output:
----------------------------------------------------------
Filters: "VelocityVector Utilities: angle_between"
Randomness seeded to: 136500796
===============================================================================
All tests passed (108 assertions in 1 test case)

<end of output>
Test time =   0.00 sec
----------------------------------------------------------
Test Passed.
"VelocityVector Utilities: angle_between" end time: Sep 22 11:37 EDT
"VelocityVector Utilities: angle_between" time elapsed: 00:00:00
----------------------------------------------------------

6/18 Testing: Aerobody: get_wind
6/18 Test: Aerobody: get_wind
Command: "/Users/swesikramineni/github/solarcar/solarcar-training-p2/build/src/SolarCar/Aerobody/aerobody_tests" "Aerobody: get_wind"
Directory: /Users/swesikramineni/github/solarcar/solarcar-training-p2/build/src/SolarCar/Aerobody
"Aerobody: get_wind" start time: Sep 22 11:37 EDT
Output:
----------------------------------------------------------
Filters: "Aerobody: get_wind"
Randomness seeded to: 2003713179
===============================================================================
All tests passed (109 assertions in 1 test case)

<end of output>
Test time =   0.00 sec
----------------------------------------------------------
Test Passed.
"Aerobody: get_wind" end time: Sep 22 11:37 EDT
"Aerobody: get_wind" time elapsed: 00:00:00
----------------------------------------------------------

7/18 Testing: Aerobody: aerodynamic_drag
7/18 Test: Aerobody: aerodynamic_drag
Command: "/Users/swesikramineni/github/solarcar/solarcar-training-p2/build/src/SolarCar/Aerobody/aerobody_tests" "Aerobody: aerodynamic_drag"
Directory: /Users/swesikramineni/github/solarcar/solarcar-training-p2/build/src/SolarCar/Aerobody
"Aerobody: aerodynamic_drag" start time: Sep 22 11:37 EDT
Output:
----------------------------------------------------------
Filters: "Aerobody: aerodynamic_drag"
Randomness seeded to: 1283413632
===============================================================================
All tests passed (104 assertions in 1 test case)

<end of output>
Test time =   0.00 sec
----------------------------------------------------------
Test Passed.
"Aerobody: aerodynamic_drag" end time: Sep 22 11:37 EDT
"Aerobody: aerodynamic_drag" time elapsed: 00:00:00
----------------------------------------------------------

8/18 Testing: Array: power_in
8/18 Test: Array: power_in
Command: "/Users/swesikramineni/github/solarcar/solarcar-training-p2/build/src/SolarCar/Array/array_tests" "Array: power_in"
Directory: /Users/swesikramineni/github/solarcar/solarcar-training-p2/build/src/SolarCar/Array
"Array: power_in" start time: Sep 22 11:37 EDT
Output:
----------------------------------------------------------
Filters: "Array: power_in"
Randomness seeded to: 2384284088
===============================================================================
All tests passed (112 assertions in 1 test case)

<end of output>
Test time =   0.00 sec
----------------------------------------------------------
Test Passed.
"Array: power_in" end time: Sep 22 11:37 EDT
"Array: power_in" time elapsed: 00:00:00
----------------------------------------------------------

9/18 Testing: BatteryState: update_energy_remaining
9/18 Test: BatteryState: update_energy_remaining
Command: "/Users/swesikramineni/github/solarcar/solarcar-training-p2/build/src/SolarCar/Battery/battery_tests" "BatteryState: update_energy_remaining"
Directory: /Users/swesikramineni/github/solarcar/solarcar-training-p2/build/src/SolarCar/Battery
"BatteryState: update_energy_remaining" start time: Sep 22 11:37 EDT
Output:
----------------------------------------------------------
Filters: "BatteryState: update_energy_remaining"
Randomness seeded to: 2083994978
===============================================================================
All tests passed (104 assertions in 1 test case)

<end of output>
Test time =   0.00 sec
----------------------------------------------------------
Test Passed.
"BatteryState: update_energy_remaining" end time: Sep 22 11:37 EDT
"BatteryState: update_energy_remaining" time elapsed: 00:00:00
----------------------------------------------------------

10/18 Testing: Battery: state_of_charge
10/18 Test: Battery: state_of_charge
Command: "/Users/swesikramineni/github/solarcar/solarcar-training-p2/build/src/SolarCar/Battery/battery_tests" "Battery: state_of_charge"
Directory: /Users/swesikramineni/github/solarcar/solarcar-training-p2/build/src/SolarCar/Battery
"Battery: state_of_charge" start time: Sep 22 11:37 EDT
Output:
----------------------------------------------------------
Filters: "Battery: state_of_charge"
Randomness seeded to: 2239564119
===============================================================================
All tests passed (57 assertions in 1 test case)

<end of output>
Test time =   0.00 sec
----------------------------------------------------------
Test Passed.
"Battery: state_of_charge" end time: Sep 22 11:37 EDT
"Battery: state_of_charge" time elapsed: 00:00:00
----------------------------------------------------------

11/18 Testing: Battery: current_voltage
11/18 Test: Battery: current_voltage
Command: "/Users/swesikramineni/github/solarcar/solarcar-training-p2/build/src/SolarCar/Battery/battery_tests" "Battery: current_voltage"
Directory: /Users/swesikramineni/github/solarcar/solarcar-training-p2/build/src/SolarCar/Battery
"Battery: current_voltage" start time: Sep 22 11:37 EDT
Output:
----------------------------------------------------------
Filters: "Battery: current_voltage"
Randomness seeded to: 4018017828
===============================================================================
All tests passed (58 assertions in 1 test case)

<end of output>
Test time =   0.00 sec
----------------------------------------------------------
Test Passed.
"Battery: current_voltage" end time: Sep 22 11:37 EDT
"Battery: current_voltage" time elapsed: 00:00:00
----------------------------------------------------------

12/18 Testing: Battery: power_loss
12/18 Test: Battery: power_loss
Command: "/Users/swesikramineni/github/solarcar/solarcar-training-p2/build/src/SolarCar/Battery/battery_tests" "Battery: power_loss"
Directory: /Users/swesikramineni/github/solarcar/solarcar-training-p2/build/src/SolarCar/Battery
"Battery: power_loss" start time: Sep 22 11:37 EDT
Output:
----------------------------------------------------------
Filters: "Battery: power_loss"
Randomness seeded to: 3399092661
===============================================================================
All tests passed (197 assertions in 1 test case)

<end of output>
Test time =   0.00 sec
----------------------------------------------------------
Test Passed.
"Battery: power_loss" end time: Sep 22 11:37 EDT
"Battery: power_loss" time elapsed: 00:00:00
----------------------------------------------------------

13/18 Testing: Motor: power_consumed
13/18 Test: Motor: power_consumed
Command: "/Users/swesikramineni/github/solarcar/solarcar-training-p2/build/src/SolarCar/Motor/motor_tests" "Motor: power_consumed"
Directory: /Users/swesikramineni/github/solarcar/solarcar-training-p2/build/src/SolarCar/Motor
"Motor: power_consumed" start time: Sep 22 11:37 EDT
Output:
----------------------------------------------------------
Filters: "Motor: power_consumed"
Randomness seeded to: 2446517042
===============================================================================
All tests passed (500 assertions in 1 test case)

<end of output>
Test time =   0.03 sec
----------------------------------------------------------
Test Passed.
"Motor: power_consumed" end time: Sep 22 11:37 EDT
"Motor: power_consumed" time elapsed: 00:00:00
----------------------------------------------------------

14/18 Testing: Tire: rolling_resistance
14/18 Test: Tire: rolling_resistance
Command: "/Users/swesikramineni/github/solarcar/solarcar-training-p2/build/src/SolarCar/Tire/tire_tests" "Tire: rolling_resistance"
Directory: /Users/swesikramineni/github/solarcar/solarcar-training-p2/build/src/SolarCar/Tire
"Tire: rolling_resistance" start time: Sep 22 11:37 EDT
Output:
----------------------------------------------------------
Filters: "Tire: rolling_resistance"
Randomness seeded to: 4130442047
===============================================================================
All tests passed (500 assertions in 1 test case)

<end of output>
Test time =   0.03 sec
----------------------------------------------------------
Test Passed.
"Tire: rolling_resistance" end time: Sep 22 11:37 EDT
"Tire: rolling_resistance" time elapsed: 00:00:00
----------------------------------------------------------

15/18 Testing: RaceSegmentRunner: calculate_resistive_force
15/18 Test: RaceSegmentRunner: calculate_resistive_force
Command: "/Users/swesikramineni/github/solarcar/solarcar-training-p2/build/src/RaceSegmentRunner/race_segment_runner_tests" "RaceSegmentRunner: calculate_resistive_force"
Directory: /Users/swesikramineni/github/solarcar/solarcar-training-p2/build/src/RaceSegmentRunner
"RaceSegmentRunner: calculate_resistive_force" start time: Sep 22 11:37 EDT
Output:
----------------------------------------------------------
Filters: "RaceSegmentRunner: calculate_resistive_force"
Randomness seeded to: 2375813456
===============================================================================
All tests passed (30 assertions in 1 test case)

<end of output>
Test time =   0.00 sec
----------------------------------------------------------
Test Passed.
"RaceSegmentRunner: calculate_resistive_force" end time: Sep 22 11:37 EDT
"RaceSegmentRunner: calculate_resistive_force" time elapsed: 00:00:00
----------------------------------------------------------

16/18 Testing: RaceSegmentRunner: calculate_power_out
16/18 Test: RaceSegmentRunner: calculate_power_out
Command: "/Users/swesikramineni/github/solarcar/solarcar-training-p2/build/src/RaceSegmentRunner/race_segment_runner_tests" "RaceSegmentRunner: calculate_power_out"
Directory: /Users/swesikramineni/github/solarcar/solarcar-training-p2/build/src/RaceSegmentRunner
"RaceSegmentRunner: calculate_power_out" start time: Sep 22 11:37 EDT
Output:
----------------------------------------------------------
Filters: "RaceSegmentRunner: calculate_power_out"
Randomness seeded to: 1436688010
===============================================================================
All tests passed (30 assertions in 1 test case)

<end of output>
Test time =   0.00 sec
----------------------------------------------------------
Test Passed.
"RaceSegmentRunner: calculate_power_out" end time: Sep 22 11:37 EDT
"RaceSegmentRunner: calculate_power_out" time elapsed: 00:00:00
----------------------------------------------------------

17/18 Testing: RaceSegmentRunner: calculate_power_in
17/18 Test: RaceSegmentRunner: calculate_power_in
Command: "/Users/swesikramineni/github/solarcar/solarcar-training-p2/build/src/RaceSegmentRunner/race_segment_runner_tests" "RaceSegmentRunner: calculate_power_in"
Directory: /Users/swesikramineni/github/solarcar/solarcar-training-p2/build/src/RaceSegmentRunner
"RaceSegmentRunner: calculate_power_in" start time: Sep 22 11:37 EDT
Output:
----------------------------------------------------------
Filters: "RaceSegmentRunner: calculate_power_in"
Randomness seeded to: 1364984215
===============================================================================
All tests passed (30 assertions in 1 test case)

<end of output>
Test time =   0.00 sec
----------------------------------------------------------
Test Passed.
"RaceSegmentRunner: calculate_power_in" end time: Sep 22 11:37 EDT
"RaceSegmentRunner: calculate_power_in" time elapsed: 00:00:00
----------------------------------------------------------

18/18 Testing: RaceSegmentRunner: calculate_power_net
18/18 Test: RaceSegmentRunner: calculate_power_net
Command: "/Users/swesikramineni/github/solarcar/solarcar-training-p2/build/src/RaceSegmentRunner/race_segment_runner_tests" "RaceSegmentRunner: calculate_power_net"
Directory: /Users/swesikramineni/github/solarcar/solarcar-training-p2/build/src/RaceSegmentRunner
"RaceSegmentRunner: calculate_power_net" start time: Sep 22 11:37 EDT
Output:
----------------------------------------------------------
Filters: "RaceSegmentRunner: calculate_power_net"
Randomness seeded to: 2637020154
===============================================================================
All tests passed (54 assertions in 1 test case)

<end of output>
Test time =   0.00 sec
----------------------------------------------------------
Test Passed.
"RaceSegmentRunner: calculate_power_net" end time: Sep 22 11:37 EDT
"RaceSegmentRunner: calculate_power_net" time elapsed: 00:00:00
----------------------------------------------------------

End testing: Sep 22 11:37 EDT
