Start testing: Oct 09 20:39 EDT
----------------------------------------------------------
15/20 Testing: RaceSegmentRunner: calculate_resistive_force
15/20 Test: RaceSegmentRunner: calculate_resistive_force
Command: "/Users/swesikramineni/github/solarcar/solarcar-training-p2/build/src/RaceSegmentRunner/race_segment_runner_tests" "RaceSegmentRunner: calculate_resistive_force"
Directory: /Users/swesikramineni/github/solarcar/solarcar-training-p2/build/src/RaceSegmentRunner
"RaceSegmentRunner: calculate_resistive_force" start time: Oct 09 20:39 EDT
Output:
----------------------------------------------------------
Filters: "RaceSegmentRunner: calculate_resistive_force"
Randomness seeded to: 773779633
===============================================================================
All tests passed (30 assertions in 1 test case)

<end of output>
Test time =   0.00 sec
----------------------------------------------------------
Test Passed.
"RaceSegmentRunner: calculate_resistive_force" end time: Oct 09 20:39 EDT
"RaceSegmentRunner: calculate_resistive_force" time elapsed: 00:00:00
----------------------------------------------------------

16/20 Testing: RaceSegmentRunner: calculate_power_out
16/20 Test: RaceSegmentRunner: calculate_power_out
Command: "/Users/swesikramineni/github/solarcar/solarcar-training-p2/build/src/RaceSegmentRunner/race_segment_runner_tests" "RaceSegmentRunner: calculate_power_out"
Directory: /Users/swesikramineni/github/solarcar/solarcar-training-p2/build/src/RaceSegmentRunner
"RaceSegmentRunner: calculate_power_out" start time: Oct 09 20:39 EDT
Output:
----------------------------------------------------------
Filters: "RaceSegmentRunner: calculate_power_out"
Randomness seeded to: 1674544788
===============================================================================
All tests passed (30 assertions in 1 test case)

<end of output>
Test time =   0.00 sec
----------------------------------------------------------
Test Passed.
"RaceSegmentRunner: calculate_power_out" end time: Oct 09 20:39 EDT
"RaceSegmentRunner: calculate_power_out" time elapsed: 00:00:00
----------------------------------------------------------

17/20 Testing: RaceSegmentRunner: calculate_power_in
17/20 Test: RaceSegmentRunner: calculate_power_in
Command: "/Users/swesikramineni/github/solarcar/solarcar-training-p2/build/src/RaceSegmentRunner/race_segment_runner_tests" "RaceSegmentRunner: calculate_power_in"
Directory: /Users/swesikramineni/github/solarcar/solarcar-training-p2/build/src/RaceSegmentRunner
"RaceSegmentRunner: calculate_power_in" start time: Oct 09 20:39 EDT
Output:
----------------------------------------------------------
Filters: "RaceSegmentRunner: calculate_power_in"
Randomness seeded to: 313255222
===============================================================================
All tests passed (30 assertions in 1 test case)

<end of output>
Test time =   0.00 sec
----------------------------------------------------------
Test Passed.
"RaceSegmentRunner: calculate_power_in" end time: Oct 09 20:39 EDT
"RaceSegmentRunner: calculate_power_in" time elapsed: 00:00:00
----------------------------------------------------------

18/20 Testing: RaceSegmentRunner: calculate_power_net
18/20 Test: RaceSegmentRunner: calculate_power_net
Command: "/Users/swesikramineni/github/solarcar/solarcar-training-p2/build/src/RaceSegmentRunner/race_segment_runner_tests" "RaceSegmentRunner: calculate_power_net"
Directory: /Users/swesikramineni/github/solarcar/solarcar-training-p2/build/src/RaceSegmentRunner
"RaceSegmentRunner: calculate_power_net" start time: Oct 09 20:39 EDT
Output:
----------------------------------------------------------
Filters: "RaceSegmentRunner: calculate_power_net"
Randomness seeded to: 1308835223
===============================================================================
All tests passed (54 assertions in 1 test case)

<end of output>
Test time =   0.00 sec
----------------------------------------------------------
Test Passed.
"RaceSegmentRunner: calculate_power_net" end time: Oct 09 20:39 EDT
"RaceSegmentRunner: calculate_power_net" time elapsed: 00:00:00
----------------------------------------------------------

19/20 Testing: RaceSegmentRunner: calculate_static_charging_gain
19/20 Test: RaceSegmentRunner: calculate_static_charging_gain
Command: "/Users/swesikramineni/github/solarcar/solarcar-training-p2/build/src/RaceRunner/racerunner_tests" "RaceSegmentRunner: calculate_static_charging_gain"
Directory: /Users/swesikramineni/github/solarcar/solarcar-training-p2/build/src/RaceRunner
"RaceSegmentRunner: calculate_static_charging_gain" start time: Oct 09 20:39 EDT
Output:
----------------------------------------------------------
Filters: "RaceSegmentRunner: calculate_static_charging_gain"
Randomness seeded to: 3960227225
===============================================================================
All tests passed (10 assertions in 1 test case)

<end of output>
Test time =   1.09 sec
----------------------------------------------------------
Test Passed.
"RaceSegmentRunner: calculate_static_charging_gain" end time: Oct 09 20:39 EDT
"RaceSegmentRunner: calculate_static_charging_gain" time elapsed: 00:00:01
----------------------------------------------------------

20/20 Testing: RaceSegmentRunner: calculate_racetime
20/20 Test: RaceSegmentRunner: calculate_racetime
Command: "/Users/swesikramineni/github/solarcar/solarcar-training-p2/build/src/RaceRunner/racerunner_tests" "RaceSegmentRunner: calculate_racetime"
Directory: /Users/swesikramineni/github/solarcar/solarcar-training-p2/build/src/RaceRunner
"RaceSegmentRunner: calculate_racetime" start time: Oct 09 20:39 EDT
Output:
----------------------------------------------------------
Filters: "RaceSegmentRunner: calculate_racetime"
Randomness seeded to: 614326169
===============================================================================
All tests passed (10 assertions in 1 test case)

<end of output>
Test time =   1.12 sec
----------------------------------------------------------
Test Passed.
"RaceSegmentRunner: calculate_racetime" end time: Oct 09 20:39 EDT
"RaceSegmentRunner: calculate_racetime" time elapsed: 00:00:01
----------------------------------------------------------

End testing: Oct 09 20:39 EDT
