Start testing: Oct 09 21:32 EDT
----------------------------------------------------------
1/20 Testing: VelocityVector Constructors: from_cartesian_components
1/20 Test: VelocityVector Constructors: from_cartesian_components
Command: "/Users/swesikramineni/github/solarcar/solarcar-training-p2/build/src/SolarCar/Aerobody/aerobody_tests" "VelocityVector Constructors: from_cartesian_components"
Directory: /Users/swesikramineni/github/solarcar/solarcar-training-p2/build/src/SolarCar/Aerobody
"VelocityVector Constructors: from_cartesian_components" start time: Oct 09 21:32 EDT
Output:
----------------------------------------------------------
Filters: "VelocityVector Constructors: from_cartesian_components"
Randomness seeded to: 142913845
===============================================================================
All tests passed (44 assertions in 1 test case)

<end of output>
Test time =   0.00 sec
----------------------------------------------------------
Test Passed.
"VelocityVector Constructors: from_cartesian_components" end time: Oct 09 21:32 EDT
"VelocityVector Constructors: from_cartesian_components" time elapsed: 00:00:00
----------------------------------------------------------

2/20 Testing: VelocityVector Constructors: from_polar_components
2/20 Test: VelocityVector Constructors: from_polar_components
Command: "/Users/swesikramineni/github/solarcar/solarcar-training-p2/build/src/SolarCar/Aerobody/aerobody_tests" "VelocityVector Constructors: from_polar_components"
Directory: /Users/swesikramineni/github/solarcar/solarcar-training-p2/build/src/SolarCar/Aerobody
"VelocityVector Constructors: from_polar_components" start time: Oct 09 21:32 EDT
Output:
----------------------------------------------------------
Filters: "VelocityVector Constructors: from_polar_components"
Randomness seeded to: 1484875589
===============================================================================
All tests passed (44 assertions in 1 test case)

<end of output>
Test time =   0.00 sec
----------------------------------------------------------
Test Passed.
"VelocityVector Constructors: from_polar_components" end time: Oct 09 21:32 EDT
"VelocityVector Constructors: from_polar_components" time elapsed: 00:00:00
----------------------------------------------------------

3/20 Testing: VelocityVector Utilities: get_magnitude
3/20 Test: VelocityVector Utilities: get_magnitude
Command: "/Users/swesikramineni/github/solarcar/solarcar-training-p2/build/src/SolarCar/Aerobody/aerobody_tests" "VelocityVector Utilities: get_magnitude"
Directory: /Users/swesikramineni/github/solarcar/solarcar-training-p2/build/src/SolarCar/Aerobody
"VelocityVector Utilities: get_magnitude" start time: Oct 09 21:32 EDT
Output:
----------------------------------------------------------
Filters: "VelocityVector Utilities: get_magnitude"
Randomness seeded to: 1281975826
===============================================================================
All tests passed (55 assertions in 1 test case)

<end of output>
Test time =   0.00 sec
----------------------------------------------------------
Test Passed.
"VelocityVector Utilities: get_magnitude" end time: Oct 09 21:32 EDT
"VelocityVector Utilities: get_magnitude" time elapsed: 00:00:00
----------------------------------------------------------

4/20 Testing: VelocityVector Utilities: get_heading
4/20 Test: VelocityVector Utilities: get_heading
Command: "/Users/swesikramineni/github/solarcar/solarcar-training-p2/build/src/SolarCar/Aerobody/aerobody_tests" "VelocityVector Utilities: get_heading"
Directory: /Users/swesikramineni/github/solarcar/solarcar-training-p2/build/src/SolarCar/Aerobody
"VelocityVector Utilities: get_heading" start time: Oct 09 21:32 EDT
Output:
----------------------------------------------------------
Filters: "VelocityVector Utilities: get_heading"
Randomness seeded to: 2698547570
===============================================================================
All tests passed (50 assertions in 1 test case)

<end of output>
Test time =   0.00 sec
----------------------------------------------------------
Test Passed.
"VelocityVector Utilities: get_heading" end time: Oct 09 21:32 EDT
"VelocityVector Utilities: get_heading" time elapsed: 00:00:00
----------------------------------------------------------

5/20 Testing: VelocityVector Utilities: angle_between
5/20 Test: VelocityVector Utilities: angle_between
Command: "/Users/swesikramineni/github/solarcar/solarcar-training-p2/build/src/SolarCar/Aerobody/aerobody_tests" "VelocityVector Utilities: angle_between"
Directory: /Users/swesikramineni/github/solarcar/solarcar-training-p2/build/src/SolarCar/Aerobody
"VelocityVector Utilities: angle_between" start time: Oct 09 21:32 EDT
Output:
----------------------------------------------------------
Filters: "VelocityVector Utilities: angle_between"
Randomness seeded to: 555000641
===============================================================================
All tests passed (108 assertions in 1 test case)

<end of output>
Test time =   0.00 sec
----------------------------------------------------------
Test Passed.
"VelocityVector Utilities: angle_between" end time: Oct 09 21:32 EDT
"VelocityVector Utilities: angle_between" time elapsed: 00:00:00
----------------------------------------------------------

6/20 Testing: Aerobody: get_wind
6/20 Test: Aerobody: get_wind
Command: "/Users/swesikramineni/github/solarcar/solarcar-training-p2/build/src/SolarCar/Aerobody/aerobody_tests" "Aerobody: get_wind"
Directory: /Users/swesikramineni/github/solarcar/solarcar-training-p2/build/src/SolarCar/Aerobody
"Aerobody: get_wind" start time: Oct 09 21:32 EDT
Output:
----------------------------------------------------------
Filters: "Aerobody: get_wind"
Randomness seeded to: 3974417817
===============================================================================
All tests passed (109 assertions in 1 test case)

<end of output>
Test time =   0.00 sec
----------------------------------------------------------
Test Passed.
"Aerobody: get_wind" end time: Oct 09 21:32 EDT
"Aerobody: get_wind" time elapsed: 00:00:00
----------------------------------------------------------

7/20 Testing: Aerobody: aerodynamic_drag
7/20 Test: Aerobody: aerodynamic_drag
Command: "/Users/swesikramineni/github/solarcar/solarcar-training-p2/build/src/SolarCar/Aerobody/aerobody_tests" "Aerobody: aerodynamic_drag"
Directory: /Users/swesikramineni/github/solarcar/solarcar-training-p2/build/src/SolarCar/Aerobody
"Aerobody: aerodynamic_drag" start time: Oct 09 21:32 EDT
Output:
----------------------------------------------------------
Filters: "Aerobody: aerodynamic_drag"
Randomness seeded to: 624298426
===============================================================================
All tests passed (104 assertions in 1 test case)

<end of output>
Test time =   0.00 sec
----------------------------------------------------------
Test Passed.
"Aerobody: aerodynamic_drag" end time: Oct 09 21:32 EDT
"Aerobody: aerodynamic_drag" time elapsed: 00:00:00
----------------------------------------------------------

8/20 Testing: Array: power_in
8/20 Test: Array: power_in
Command: "/Users/swesikramineni/github/solarcar/solarcar-training-p2/build/src/SolarCar/Array/array_tests" "Array: power_in"
Directory: /Users/swesikramineni/github/solarcar/solarcar-training-p2/build/src/SolarCar/Array
"Array: power_in" start time: Oct 09 21:32 EDT
Output:
----------------------------------------------------------
Filters: "Array: power_in"
Randomness seeded to: 2301006866
===============================================================================
All tests passed (112 assertions in 1 test case)

<end of output>
Test time =   0.00 sec
----------------------------------------------------------
Test Passed.
"Array: power_in" end time: Oct 09 21:32 EDT
"Array: power_in" time elapsed: 00:00:00
----------------------------------------------------------

9/20 Testing: BatteryState: update_energy_remaining
9/20 Test: BatteryState: update_energy_remaining
Command: "/Users/swesikramineni/github/solarcar/solarcar-training-p2/build/src/SolarCar/Battery/battery_tests" "BatteryState: update_energy_remaining"
Directory: /Users/swesikramineni/github/solarcar/solarcar-training-p2/build/src/SolarCar/Battery
"BatteryState: update_energy_remaining" start time: Oct 09 21:32 EDT
Output:
----------------------------------------------------------
Filters: "BatteryState: update_energy_remaining"
Randomness seeded to: 2033694363
===============================================================================
All tests passed (104 assertions in 1 test case)

<end of output>
Test time =   0.00 sec
----------------------------------------------------------
Test Passed.
"BatteryState: update_energy_remaining" end time: Oct 09 21:32 EDT
"BatteryState: update_energy_remaining" time elapsed: 00:00:00
----------------------------------------------------------

10/20 Testing: Battery: state_of_charge
10/20 Test: Battery: state_of_charge
Command: "/Users/swesikramineni/github/solarcar/solarcar-training-p2/build/src/SolarCar/Battery/battery_tests" "Battery: state_of_charge"
Directory: /Users/swesikramineni/github/solarcar/solarcar-training-p2/build/src/SolarCar/Battery
"Battery: state_of_charge" start time: Oct 09 21:32 EDT
Output:
----------------------------------------------------------
Filters: "Battery: state_of_charge"
Randomness seeded to: 1827738973
===============================================================================
All tests passed (57 assertions in 1 test case)

<end of output>
Test time =   0.00 sec
----------------------------------------------------------
Test Passed.
"Battery: state_of_charge" end time: Oct 09 21:32 EDT
"Battery: state_of_charge" time elapsed: 00:00:00
----------------------------------------------------------

11/20 Testing: Battery: current_voltage
11/20 Test: Battery: current_voltage
Command: "/Users/swesikramineni/github/solarcar/solarcar-training-p2/build/src/SolarCar/Battery/battery_tests" "Battery: current_voltage"
Directory: /Users/swesikramineni/github/solarcar/solarcar-training-p2/build/src/SolarCar/Battery
"Battery: current_voltage" start time: Oct 09 21:32 EDT
Output:
----------------------------------------------------------
Filters: "Battery: current_voltage"
Randomness seeded to: 234941897
===============================================================================
All tests passed (58 assertions in 1 test case)

<end of output>
Test time =   0.00 sec
----------------------------------------------------------
Test Passed.
"Battery: current_voltage" end time: Oct 09 21:32 EDT
"Battery: current_voltage" time elapsed: 00:00:00
----------------------------------------------------------

12/20 Testing: Battery: power_loss
12/20 Test: Battery: power_loss
Command: "/Users/swesikramineni/github/solarcar/solarcar-training-p2/build/src/SolarCar/Battery/battery_tests" "Battery: power_loss"
Directory: /Users/swesikramineni/github/solarcar/solarcar-training-p2/build/src/SolarCar/Battery
"Battery: power_loss" start time: Oct 09 21:32 EDT
Output:
----------------------------------------------------------
Filters: "Battery: power_loss"
Randomness seeded to: 4265233290
===============================================================================
All tests passed (197 assertions in 1 test case)

<end of output>
Test time =   0.00 sec
----------------------------------------------------------
Test Passed.
"Battery: power_loss" end time: Oct 09 21:32 EDT
"Battery: power_loss" time elapsed: 00:00:00
----------------------------------------------------------

13/20 Testing: Motor: power_consumed
13/20 Test: Motor: power_consumed
Command: "/Users/swesikramineni/github/solarcar/solarcar-training-p2/build/src/SolarCar/Motor/motor_tests" "Motor: power_consumed"
Directory: /Users/swesikramineni/github/solarcar/solarcar-training-p2/build/src/SolarCar/Motor
"Motor: power_consumed" start time: Oct 09 21:32 EDT
Output:
----------------------------------------------------------
Filters: "Motor: power_consumed"
Randomness seeded to: 3841119211
===============================================================================
All tests passed (500 assertions in 1 test case)

<end of output>
Test time =   0.03 sec
----------------------------------------------------------
Test Passed.
"Motor: power_consumed" end time: Oct 09 21:32 EDT
"Motor: power_consumed" time elapsed: 00:00:00
----------------------------------------------------------

14/20 Testing: Tire: rolling_resistance
14/20 Test: Tire: rolling_resistance
Command: "/Users/swesikramineni/github/solarcar/solarcar-training-p2/build/src/SolarCar/Tire/tire_tests" "Tire: rolling_resistance"
Directory: /Users/swesikramineni/github/solarcar/solarcar-training-p2/build/src/SolarCar/Tire
"Tire: rolling_resistance" start time: Oct 09 21:32 EDT
Output:
----------------------------------------------------------
Filters: "Tire: rolling_resistance"
Randomness seeded to: 3308228323
===============================================================================
All tests passed (500 assertions in 1 test case)

<end of output>
Test time =   0.03 sec
----------------------------------------------------------
Test Passed.
"Tire: rolling_resistance" end time: Oct 09 21:32 EDT
"Tire: rolling_resistance" time elapsed: 00:00:00
----------------------------------------------------------

15/20 Testing: RaceSegmentRunner: calculate_resistive_force
15/20 Test: RaceSegmentRunner: calculate_resistive_force
Command: "/Users/swesikramineni/github/solarcar/solarcar-training-p2/build/src/RaceSegmentRunner/race_segment_runner_tests" "RaceSegmentRunner: calculate_resistive_force"
Directory: /Users/swesikramineni/github/solarcar/solarcar-training-p2/build/src/RaceSegmentRunner
"RaceSegmentRunner: calculate_resistive_force" start time: Oct 09 21:32 EDT
Output:
----------------------------------------------------------
Filters: "RaceSegmentRunner: calculate_resistive_force"
Randomness seeded to: 1425832419
===============================================================================
All tests passed (30 assertions in 1 test case)

<end of output>
Test time =   0.00 sec
----------------------------------------------------------
Test Passed.
"RaceSegmentRunner: calculate_resistive_force" end time: Oct 09 21:32 EDT
"RaceSegmentRunner: calculate_resistive_force" time elapsed: 00:00:00
----------------------------------------------------------

16/20 Testing: RaceSegmentRunner: calculate_power_out
16/20 Test: RaceSegmentRunner: calculate_power_out
Command: "/Users/swesikramineni/github/solarcar/solarcar-training-p2/build/src/RaceSegmentRunner/race_segment_runner_tests" "RaceSegmentRunner: calculate_power_out"
Directory: /Users/swesikramineni/github/solarcar/solarcar-training-p2/build/src/RaceSegmentRunner
"RaceSegmentRunner: calculate_power_out" start time: Oct 09 21:32 EDT
Output:
----------------------------------------------------------
Filters: "RaceSegmentRunner: calculate_power_out"
Randomness seeded to: 961902471
===============================================================================
All tests passed (30 assertions in 1 test case)

<end of output>
Test time =   0.00 sec
----------------------------------------------------------
Test Passed.
"RaceSegmentRunner: calculate_power_out" end time: Oct 09 21:32 EDT
"RaceSegmentRunner: calculate_power_out" time elapsed: 00:00:00
----------------------------------------------------------

17/20 Testing: RaceSegmentRunner: calculate_power_in
17/20 Test: RaceSegmentRunner: calculate_power_in
Command: "/Users/swesikramineni/github/solarcar/solarcar-training-p2/build/src/RaceSegmentRunner/race_segment_runner_tests" "RaceSegmentRunner: calculate_power_in"
Directory: /Users/swesikramineni/github/solarcar/solarcar-training-p2/build/src/RaceSegmentRunner
"RaceSegmentRunner: calculate_power_in" start time: Oct 09 21:32 EDT
Output:
----------------------------------------------------------
Filters: "RaceSegmentRunner: calculate_power_in"
Randomness seeded to: 3790893790
===============================================================================
All tests passed (30 assertions in 1 test case)

<end of output>
Test time =   0.00 sec
----------------------------------------------------------
Test Passed.
"RaceSegmentRunner: calculate_power_in" end time: Oct 09 21:32 EDT
"RaceSegmentRunner: calculate_power_in" time elapsed: 00:00:00
----------------------------------------------------------

18/20 Testing: RaceSegmentRunner: calculate_power_net
18/20 Test: RaceSegmentRunner: calculate_power_net
Command: "/Users/swesikramineni/github/solarcar/solarcar-training-p2/build/src/RaceSegmentRunner/race_segment_runner_tests" "RaceSegmentRunner: calculate_power_net"
Directory: /Users/swesikramineni/github/solarcar/solarcar-training-p2/build/src/RaceSegmentRunner
"RaceSegmentRunner: calculate_power_net" start time: Oct 09 21:32 EDT
Output:
----------------------------------------------------------
Filters: "RaceSegmentRunner: calculate_power_net"
Randomness seeded to: 2157134454
===============================================================================
All tests passed (54 assertions in 1 test case)

<end of output>
Test time =   0.00 sec
----------------------------------------------------------
Test Passed.
"RaceSegmentRunner: calculate_power_net" end time: Oct 09 21:32 EDT
"RaceSegmentRunner: calculate_power_net" time elapsed: 00:00:00
----------------------------------------------------------

19/20 Testing: RaceSegmentRunner: calculate_static_charging_gain
19/20 Test: RaceSegmentRunner: calculate_static_charging_gain
Command: "/Users/swesikramineni/github/solarcar/solarcar-training-p2/build/src/RaceRunner/racerunner_tests" "RaceSegmentRunner: calculate_static_charging_gain"
Directory: /Users/swesikramineni/github/solarcar/solarcar-training-p2/build/src/RaceRunner
"RaceSegmentRunner: calculate_static_charging_gain" start time: Oct 09 21:32 EDT
Output:
----------------------------------------------------------
Filters: "RaceSegmentRunner: calculate_static_charging_gain"
Randomness seeded to: 855824560
===============================================================================
All tests passed (10 assertions in 1 test case)

<end of output>
Test time =   1.08 sec
----------------------------------------------------------
Test Passed.
"RaceSegmentRunner: calculate_static_charging_gain" end time: Oct 09 21:32 EDT
"RaceSegmentRunner: calculate_static_charging_gain" time elapsed: 00:00:01
----------------------------------------------------------

20/20 Testing: RaceSegmentRunner: calculate_racetime
20/20 Test: RaceSegmentRunner: calculate_racetime
Command: "/Users/swesikramineni/github/solarcar/solarcar-training-p2/build/src/RaceRunner/racerunner_tests" "RaceSegmentRunner: calculate_racetime"
Directory: /Users/swesikramineni/github/solarcar/solarcar-training-p2/build/src/RaceRunner
"RaceSegmentRunner: calculate_racetime" start time: Oct 09 21:32 EDT
Output:
----------------------------------------------------------
Filters: "RaceSegmentRunner: calculate_racetime"
Randomness seeded to: 570035527
===============================================================================
All tests passed (10 assertions in 1 test case)

<end of output>
Test time =   1.11 sec
----------------------------------------------------------
Test Passed.
"RaceSegmentRunner: calculate_racetime" end time: Oct 09 21:32 EDT
"RaceSegmentRunner: calculate_racetime" time elapsed: 00:00:01
----------------------------------------------------------

End testing: Oct 09 21:32 EDT
